[23:40:57][INFO] io.github.mdillon95.scoutingpc.Main: Starting Drome Scouting App
[23:40:57][INFO] io.github.mdillon95.scoutingpc.Main: Getting System Properties
[23:40:57][INFO] io.github.mdillon95.scoutingpc.Main: OS Name: Windows 10
[23:40:57][INFO] io.github.mdillon95.scoutingpc.Main: Setting global UI look and feel
[23:40:57][INFO] io.github.mdillon95.scoutingpc.Main: Attempting to login to Firebase
[23:40:57][INFO] io.github.mdillon95.scoutingpc.LoginDialog: Authenticating...
[23:40:57][INFO] io.github.mdillon95.scoutingpc.LoginDialog: App [DEFAULT] initialized.
[23:40:57][INFO] io.github.mdillon95.scoutingpc.LoginDialog: App initialized with URL https://scouting-4c5e1.firebaseio.com/
[23:40:57][INFO] io.github.mdillon95.scoutingpc.LoginDialog: Created ScoutingFrame
[23:40:57][ERROR] io.github.mdillon95.scoutingpc.PaintablePanel: Can't read input file!
[23:41:2][INFO] io.github.mdillon95.scoutingpc.ScoutingFrame: Teams List Refreshed
[23:41:4][INFO] io.github.mdillon95.scoutingpc.ScoutingFrame: Teams List Refreshed
[23:41:5][INFO] io.github.mdillon95.scoutingpc.ScoutingFrame: Teams List Refreshed
[23:41:5][INFO] io.github.mdillon95.scoutingpc.ScoutingFrame: Teams List Refreshed
[23:41:11][INFO] io.github.mdillon95.scoutingpc.ScoutingFrame: Teams List Refreshed
[23:41:11][INFO] io.github.mdillon95.scoutingpc.ScoutingFrame: Teams List Refreshed
[23:41:12][INFO] io.github.mdillon95.scoutingpc.ScoutingFrame: Teams List Refreshed
[23:41:13][INFO] io.github.mdillon95.scoutingpc.ScoutingFrame: Teams List Refreshed
[23:41:13][INFO] io.github.mdillon95.scoutingpc.ScoutingFrame: Teams List Refreshed
[23:41:13][INFO] io.github.mdillon95.scoutingpc.ScoutingFrame: Teams List Refreshed
[23:41:13][INFO] io.github.mdillon95.scoutingpc.ScoutingFrame: Teams List Refreshed
[23:41:13][INFO] io.github.mdillon95.scoutingpc.ScoutingFrame: Teams List Refreshed
[23:41:14][INFO] io.github.mdillon95.scoutingpc.ScoutingFrame: Teams List Refreshed
[23:41:15][INFO] io.github.mdillon95.scoutingpc.ScoutingFrame: Main window closing, quitting.
[23:41:15][INFO] io.github.mdillon95.scoutingpc.Main: Program Exit
